#
# A fatal error has been detected by the Java Runtime Environment:
#
#  EXCEPTION_ACCESS_VIOLATION (0xc0000005) at pc=0x000000000510db83, pid=4412, tid=0x0000000000000fdc
#
# JRE version: Java(TM) SE Runtime Environment (8.0_102-b14) (build 1.8.0_102-b14)
# Java VM: Java HotSpot(TM) 64-Bit Server VM (25.102-b14 mixed mode windows-amd64 compressed oops)
# Problematic frame:
# J 12314 C1 com.sun.tools.javac.comp.Attr.visitApply(Lcom/sun/tools/javac/tree/JCTree$JCMethodInvocation;)V (814 bytes) @ 0x000000000510db83 [0x000000000510dae0+0xa3]
#
# Failed to write core dump. Minidumps are not enabled by default on client versions of Windows
#
# If you would like to submit a bug report, please visit:
#   http://bugreport.java.com/bugreport/crash.jsp
#

---------------  T H R E A D  ---------------

Current thread (0x000000001a4d8800):  JavaThread "Daemon worker" [_thread_in_Java, id=4060, stack(0x000000001bc30000,0x000000001bd30000)]

siginfo: ExceptionCode=0xc0000005, reading address 0x00000000007eb068

Registers:
RAX=0x00000001007ad498, RBX=0x00000000231eb658, RCX=0x00000001007eb060, RDX=0x00000000dc3bd5e8
RSP=0x000000001bd2b4c0, RBP=0x00000000dc3bd5e8, RSI=0x00000000e2a1e138, RDI=0x00000000007eb060
R8 =0x00000000e06a8120, R9 =0x00000000e2a1e138, R10=0x00000000006e1dea, R11=0x0000000011cf0000
R12=0x0000000000000000, R13=0x000000001bd2bb08, R14=0x0000000000000000, R15=0x000000001a4d8800
RIP=0x000000000510db83, EFLAGS=0x0000000000010206

Top of Stack: (sp=0x000000001bd2b4c0)
0x000000001bd2b4c0:   00000000dc1c9df0 0000000004f9bb00
0x000000001bd2b4d0:   000000001a4d8800 00000000dc129f00
0x000000001bd2b4e0:   0000033b00000001 00000000231e7b10
0x000000001bd2b4f0:   0000000100000007 000000000519b2d0
0x000000001bd2b500:   00001d1194b98da0 00000000051006a4
0x000000001bd2b510:   000000001a4d8800 000000006c74f485
0x000000001bd2b520:   000000001a4d8800 0000000000000001
0x000000001bd2b530:   0000000000000000 000000001a4d8800
0x000000001bd2b540:   0000000000000000 000000006c94fbe1
0x000000001bd2b550:   000000001a4d8800 000000001bd2b5e0
0x000000001bd2b560:   000000001bd2b5e0 0000000004f9bb80
0x000000001bd2b570:   000000001a4d8800 00000000deb57bf0
0x000000001bd2b580:   0000000022753b18 000000001a4d8800
0x000000001bd2b590:   000000001bd2bb08 000000001a4d8800
0x000000001bd2b5a0:   0000000022753b18 000000006c950967
0x000000001bd2b5b0:   000000001a620000 000000001bd2b8c0 

Instructions: (pc=0x000000000510db83)
0x000000000510db63:   3c 4c 23 00 00 00 00 81 88 00 01 00 00 00 01 00
0x000000000510db73:   00 e9 c0 00 00 00 48 b9 60 b0 7e 00 01 00 00 00
0x000000000510db83:   8b 5f 08 48 c1 e3 03 48 3b cb 0f 85 8a 00 00 00
0x000000000510db93:   48 b8 c0 3c 4c 23 00 00 00 00 8b 4f 08 48 c1 e1 


Register to memory mapping:

RAX=0x00000001007ad498 is pointing into metadata
RBX={method} {0x00000000231eb660} 'visitApply' '(Lcom/sun/tools/javac/tree/JCTree$JCMethodInvocation;)V' in 'com/sun/tools/javac/comp/Attr'
RCX=0x00000001007eb060 is pointing into metadata
RDX=0x00000000dc3bd5e8 is an oop
com.sun.tools.javac.comp.Attr 
 - klass: 'com/sun/tools/javac/comp/Attr'
RSP=0x000000001bd2b4c0 is pointing into the stack for thread: 0x000000001a4d8800
RBP=0x00000000dc3bd5e8 is an oop
com.sun.tools.javac.comp.Attr 
 - klass: 'com/sun/tools/javac/comp/Attr'
RSI=0x00000000e2a1e138 is an oop
com.sun.tools.javac.comp.Env 
 - klass: 'com/sun/tools/javac/comp/Env'
RDI=0x00000000007eb060 is an unknown value
R8 =0x00000000e06a8120 is an oop
com.sun.tools.javac.tree.JCTree$JCMethodInvocation 
 - klass: 'com/sun/tools/javac/tree/JCTree$JCMethodInvocation'
R9 =0x00000000e2a1e138 is an oop
com.sun.tools.javac.comp.Env 
 - klass: 'com/sun/tools/javac/comp/Env'
R10=0x00000000006e1dea is an unknown value
R11=0x0000000011cf0000 is an unknown value
R12=0x0000000000000000 is an unknown value
R13=0x000000001bd2bb08 is pointing into the stack for thread: 0x000000001a4d8800
R14=0x0000000000000000 is an unknown value
R15=0x000000001a4d8800 is a thread


Stack: [0x000000001bc30000,0x000000001bd30000],  sp=0x000000001bd2b4c0,  free space=1005k
Native frames: (J=compiled Java code, j=interpreted, Vv=VM code, C=native code)
C  0x000000000510db83


---------------  P R O C E S S  ---------------

Java Threads: ( => current thread )
  0x000000001dda5000 JavaThread "Java2D Disposer" daemon [_thread_blocked, id=6244, stack(0x0000000024650000,0x0000000024750000)]
  0x000000001f476000 JavaThread "pool-3-thread-4" [_thread_blocked, id=6544, stack(0x0000000023050000,0x0000000023150000)]
  0x000000001d11e000 JavaThread "pool-3-thread-3" [_thread_blocked, id=3096, stack(0x0000000022f50000,0x0000000023050000)]
  0x000000001d11d800 JavaThread "pool-3-thread-2" [_thread_blocked, id=6684, stack(0x0000000022e50000,0x0000000022f50000)]
  0x000000001d11c000 JavaThread "pool-3-thread-1" [_thread_blocked, id=780, stack(0x0000000022d50000,0x0000000022e50000)]
  0x000000001d119800 JavaThread "Stdin handler" [_thread_blocked, id=3364, stack(0x0000000022c50000,0x0000000022d50000)]
  0x000000001d119000 JavaThread "Asynchronous log dispatcher for org.gradle.launcher.daemon.server.DefaultDaemonConnection@2bec7aaa" [_thread_blocked, id=2420, stack(0x0000000022b50000,0x0000000022c50000)]
  0x000000001d11c800 JavaThread "Cancel handler" [_thread_blocked, id=1144, stack(0x0000000022a50000,0x0000000022b50000)]
  0x000000001d11f800 JavaThread "Handler for socket connection from /127.0.0.1:52229 to /127.0.0.1:52316" [_thread_in_native, id=4224, stack(0x0000000022950000,0x0000000022a50000)]
  0x000000001d11f000 JavaThread "File lock request listener" [_thread_in_native, id=3680, stack(0x000000001d500000,0x000000001d600000)]
=>0x000000001a4d8800 JavaThread "Daemon worker" [_thread_in_Java, id=4060, stack(0x000000001bc30000,0x000000001bd30000)]
  0x000000001a4d9800 JavaThread "Daemon" [_thread_blocked, id=5276, stack(0x000000001b930000,0x000000001ba30000)]
  0x000000001a35e800 JavaThread "Incoming local TCP Connector on port 52229" [_thread_in_native, id=3352, stack(0x000000001b550000,0x000000001b650000)]
  0x000000001a7cf800 JavaThread "pool-1-thread-1" [_thread_blocked, id=2244, stack(0x000000001b450000,0x000000001b550000)]
  0x00000000192c7000 JavaThread "Service Thread" daemon [_thread_blocked, id=1096, stack(0x0000000019690000,0x0000000019790000)]
  0x0000000017958800 JavaThread "C1 CompilerThread2" daemon [_thread_blocked, id=80, stack(0x0000000019190000,0x0000000019290000)]
  0x0000000017952000 JavaThread "C2 CompilerThread1" daemon [_thread_in_native, id=3444, stack(0x0000000019090000,0x0000000019190000)]
  0x000000001794c000 JavaThread "C2 CompilerThread0" daemon [_thread_in_native, id=5064, stack(0x0000000018f90000,0x0000000019090000)]
  0x000000001794a800 JavaThread "Attach Listener" daemon [_thread_blocked, id=6012, stack(0x0000000018e90000,0x0000000018f90000)]
  0x0000000017949000 JavaThread "Signal Dispatcher" daemon [_thread_blocked, id=3324, stack(0x0000000018d90000,0x0000000018e90000)]
  0x000000001793a800 JavaThread "Finalizer" daemon [_thread_blocked, id=6620, stack(0x0000000018bb0000,0x0000000018cb0000)]
  0x0000000017919000 JavaThread "Reference Handler" daemon [_thread_blocked, id=1920, stack(0x0000000018ab0000,0x0000000018bb0000)]
  0x0000000002c30800 JavaThread "main" [_thread_blocked, id=5176, stack(0x0000000002b20000,0x0000000002c20000)]

Other Threads:
  0x0000000017917800 VMThread [stack: 0x00000000189b0000,0x0000000018ab0000] [id=3492]
  0x00000000192ca000 WatcherThread [stack: 0x0000000019790000,0x0000000019890000] [id=2440]

VM state:not at safepoint (normal execution)

VM Mutex/Monitor currently owned by a thread: None

Heap:
 PSYoungGen      total 253952K, used 237113K [0x00000000d5580000, 0x00000000e7100000, 0x0000000100000000)
  eden space 222208K, 98% used [0x00000000d5580000,0x00000000e2b1e798,0x00000000e2e80000)
  from space 31744K, 57% used [0x00000000e4d80000,0x00000000e5f70020,0x00000000e6c80000)
  to   space 31744K, 0% used [0x00000000e2e80000,0x00000000e2e80000,0x00000000e4d80000)
 ParOldGen       total 125440K, used 41615K [0x0000000080000000, 0x0000000087a80000, 0x00000000d5580000)
  object space 125440K, 33% used [0x0000000080000000,0x00000000828a3fe0,0x0000000087a80000)
 Metaspace       used 59845K, capacity 61138K, committed 61312K, reserved 1101824K
  class space    used 7868K, capacity 8227K, committed 8320K, reserved 1048576K

Card table byte_map: [0x00000000120f0000,0x0000000012500000] byte_map_base: 0x0000000011cf0000

Marking Bits: (ParMarkBitMap*) 0x000000006cf3a6c0
 Begin Bits: [0x0000000012bb0000, 0x0000000014bb0000)
 End Bits:   [0x0000000014bb0000, 0x0000000016bb0000)

Polling page: 0x0000000001330000

CodeCache: size=245760Kb used=38221Kb max_used=38236Kb free=207538Kb
 bounds [0x0000000002d30000, 0x00000000052c0000, 0x0000000011d30000]
 total_blobs=11508 nmethods=10678 adapters=741
 compilation: enabled

Compilation events (10 events):
Event: 128.765 Thread 0x000000001794c000 12660       4       com.sun.tools.javac.util.ByteBuffer::appendByte (34 bytes)
Event: 128.769 Thread 0x000000001794c000 nmethod 12660 0x00000000052a4f50 code [0x00000000052a50a0, 0x00000000052a5348]
Event: 128.769 Thread 0x000000001794c000 12562       4       com.sun.tools.javac.code.Scope$4$1::hasNext (16 bytes)
Event: 128.770 Thread 0x000000001794c000 nmethod 12562 0x00000000051cf490 code [0x00000000051cf5c0, 0x00000000051cf638]
Event: 128.770 Thread 0x000000001794c000 12661       4       com.sun.tools.javac.util.ArrayUtils::ensureCapacity (44 bytes)
Event: 128.774 Thread 0x000000001794c000 nmethod 12661 0x00000000052a4a90 code [0x00000000052a4be0, 0x00000000052a4dc8]
Event: 128.774 Thread 0x000000001794c000 12587       4       com.sun.tools.javac.code.Symbol$MethodSymbol::isInheritedIn (72 bytes)
Event: 128.775 Thread 0x0000000017958800 12663       3       com.sun.tools.javac.comp.Check::subset (39 bytes)
Event: 128.776 Thread 0x0000000017958800 nmethod 12663 0x00000000052ab4d0 code [0x00000000052ab660, 0x00000000052abc28]
Event: 128.777 Thread 0x0000000017958800 12667       3       com.sun.tools.javac.tree.TreeInfo$1DeclScanner::visitMethodDef (25 bytes)

GC Heap History (10 events):
Event: 107.254 GC heap before
{Heap before GC invocations=21 (full 3):
 PSYoungGen      total 166912K, used 145248K [0x00000000d5580000, 0x00000000e2980000, 0x0000000100000000)
  eden space 135680K, 100% used [0x00000000d5580000,0x00000000dda00000,0x00000000dda00000)
  from space 31232K, 30% used [0x00000000dda00000,0x00000000de358000,0x00000000df880000)
  to   space 30208K, 0% used [0x00000000e0c00000,0x00000000e0c00000,0x00000000e2980000)
 ParOldGen       total 125440K, used 41583K [0x0000000080000000, 0x0000000087a80000, 0x00000000d5580000)
  object space 125440K, 33% used [0x0000000080000000,0x000000008289bfe0,0x0000000087a80000)
 Metaspace       used 50363K, capacity 51502K, committed 51712K, reserved 1093632K
  class space    used 6806K, capacity 7143K, committed 7168K, reserved 1048576K
Event: 107.293 GC heap after
Heap after GC invocations=21 (full 3):
 PSYoungGen      total 178688K, used 19505K [0x00000000d5580000, 0x00000000e2680000, 0x0000000100000000)
  eden space 151552K, 0% used [0x00000000d5580000,0x00000000d5580000,0x00000000de980000)
  from space 27136K, 71% used [0x00000000e0c00000,0x00000000e1f0c730,0x00000000e2680000)
  to   space 31232K, 0% used [0x00000000de980000,0x00000000de980000,0x00000000e0800000)
 ParOldGen       total 125440K, used 41591K [0x0000000080000000, 0x0000000087a80000, 0x00000000d5580000)
  object space 125440K, 33% used [0x0000000080000000,0x000000008289dfe0,0x0000000087a80000)
 Metaspace       used 50363K, capacity 51502K, committed 51712K, reserved 1093632K
  class space    used 6806K, capacity 7143K, committed 7168K, reserved 1048576K
}
Event: 108.336 GC heap before
{Heap before GC invocations=22 (full 3):
 PSYoungGen      total 178688K, used 171057K [0x00000000d5580000, 0x00000000e2680000, 0x0000000100000000)
  eden space 151552K, 100% used [0x00000000d5580000,0x00000000de980000,0x00000000de980000)
  from space 27136K, 71% used [0x00000000e0c00000,0x00000000e1f0c730,0x00000000e2680000)
  to   space 31232K, 0% used [0x00000000de980000,0x00000000de980000,0x00000000e0800000)
 ParOldGen       total 125440K, used 41591K [0x0000000080000000, 0x0000000087a80000, 0x00000000d5580000)
  object space 125440K, 33% used [0x0000000080000000,0x000000008289dfe0,0x0000000087a80000)
 Metaspace       used 51971K, capacity 53170K, committed 53504K, reserved 1095680K
  class space    used 6985K, capacity 7337K, committed 7424K, reserved 1048576K
Event: 108.384 GC heap after
Heap after GC invocations=22 (full 3):
 PSYoungGen      total 182784K, used 28213K [0x00000000d5580000, 0x00000000e4d80000, 0x0000000100000000)
  eden space 151552K, 0% used [0x00000000d5580000,0x00000000d5580000,0x00000000de980000)
  from space 31232K, 90% used [0x00000000de980000,0x00000000e050d5c8,0x00000000e0800000)
  to   space 34816K, 0% used [0x00000000e2b80000,0x00000000e2b80000,0x00000000e4d80000)
 ParOldGen       total 125440K, used 41591K [0x0000000080000000, 0x0000000087a80000, 0x00000000d5580000)
  object space 125440K, 33% used [0x0000000080000000,0x000000008289dfe0,0x0000000087a80000)
 Metaspace       used 51971K, capacity 53170K, committed 53504K, reserved 1095680K
  class space    used 6985K, capacity 7337K, committed 7424K, reserved 1048576K
}
Event: 117.348 GC heap before
{Heap before GC invocations=23 (full 3):
 PSYoungGen      total 182784K, used 179765K [0x00000000d5580000, 0x00000000e4d80000, 0x0000000100000000)
  eden space 151552K, 100% used [0x00000000d5580000,0x00000000de980000,0x00000000de980000)
  from space 31232K, 90% used [0x00000000de980000,0x00000000e050d5c8,0x00000000e0800000)
  to   space 34816K, 0% used [0x00000000e2b80000,0x00000000e2b80000,0x00000000e4d80000)
 ParOldGen       total 125440K, used 41591K [0x0000000080000000, 0x0000000087a80000, 0x00000000d5580000)
  object space 125440K, 33% used [0x0000000080000000,0x000000008289dfe0,0x0000000087a80000)
 Metaspace       used 53056K, capacity 54226K, committed 54656K, reserved 1095680K
  class space    used 7090K, capacity 7433K, committed 7552K, reserved 1048576K
Event: 117.370 GC heap after
Heap after GC invocations=23 (full 3):
 PSYoungGen      total 209920K, used 10192K [0x00000000d5580000, 0x00000000e4800000, 0x0000000100000000)
  eden space 180736K, 0% used [0x00000000d5580000,0x00000000d5580000,0x00000000e0600000)
  from space 29184K, 34% used [0x00000000e2b80000,0x00000000e3574050,0x00000000e4800000)
  to   space 33792K, 0% used [0x00000000e0600000,0x00000000e0600000,0x00000000e2700000)
 ParOldGen       total 125440K, used 41599K [0x0000000080000000, 0x0000000087a80000, 0x00000000d5580000)
  object space 125440K, 33% used [0x0000000080000000,0x000000008289ffe0,0x0000000087a80000)
 Metaspace       used 53056K, capacity 54226K, committed 54656K, reserved 1095680K
  class space    used 7090K, capacity 7433K, committed 7552K, reserved 1048576K
}
Event: 118.665 GC heap before
{Heap before GC invocations=24 (full 3):
 PSYoungGen      total 209920K, used 190928K [0x00000000d5580000, 0x00000000e4800000, 0x0000000100000000)
  eden space 180736K, 100% used [0x00000000d5580000,0x00000000e0600000,0x00000000e0600000)
  from space 29184K, 34% used [0x00000000e2b80000,0x00000000e3574050,0x00000000e4800000)
  to   space 33792K, 0% used [0x00000000e0600000,0x00000000e0600000,0x00000000e2700000)
 ParOldGen       total 125440K, used 41599K [0x0000000080000000, 0x0000000087a80000, 0x00000000d5580000)
  object space 125440K, 33% used [0x0000000080000000,0x000000008289ffe0,0x0000000087a80000)
 Metaspace       used 53422K, capacity 54628K, committed 54912K, reserved 1097728K
  class space    used 7134K, capacity 7500K, committed 7552K, reserved 1048576K
Event: 118.708 GC heap after
Heap after GC invocations=24 (full 3):
 PSYoungGen      total 214528K, used 14190K [0x00000000d5580000, 0x00000000e6c80000, 0x0000000100000000)
  eden space 180736K, 0% used [0x00000000d5580000,0x00000000d5580000,0x00000000e0600000)
  from space 33792K, 41% used [0x00000000e0600000,0x00000000e13dbbc8,0x00000000e2700000)
  to   space 31744K, 0% used [0x00000000e4d80000,0x00000000e4d80000,0x00000000e6c80000)
 ParOldGen       total 125440K, used 41607K [0x0000000080000000, 0x0000000087a80000, 0x00000000d5580000)
  object space 125440K, 33% used [0x0000000080000000,0x00000000828a1fe0,0x0000000087a80000)
 Metaspace       used 53422K, capacity 54628K, committed 54912K, reserved 1097728K
  class space    used 7134K, capacity 7500K, committed 7552K, reserved 1048576K
}
Event: 120.128 GC heap before
{Heap before GC invocations=25 (full 3):
 PSYoungGen      total 214528K, used 194926K [0x00000000d5580000, 0x00000000e6c80000, 0x0000000100000000)
  eden space 180736K, 100% used [0x00000000d5580000,0x00000000e0600000,0x00000000e0600000)
  from space 33792K, 41% used [0x00000000e0600000,0x00000000e13dbbc8,0x00000000e2700000)
  to   space 31744K, 0% used [0x00000000e4d80000,0x00000000e4d80000,0x00000000e6c80000)
 ParOldGen       total 125440K, used 41607K [0x0000000080000000, 0x0000000087a80000, 0x00000000d5580000)
  object space 125440K, 33% used [0x0000000080000000,0x00000000828a1fe0,0x0000000087a80000)
 Metaspace       used 53524K, capacity 54756K, committed 54912K, reserved 1097728K
  class space    used 7137K, capacity 7500K, committed 7552K, reserved 1048576K
Event: 120.180 GC heap after
Heap after GC invocations=25 (full 3):
 PSYoungGen      total 253952K, used 18368K [0x00000000d5580000, 0x00000000e7100000, 0x0000000100000000)
  eden space 222208K, 0% used [0x00000000d5580000,0x00000000d5580000,0x00000000e2e80000)
  from space 31744K, 57% used [0x00000000e4d80000,0x00000000e5f70020,0x00000000e6c80000)
  to   space 31744K, 0% used [0x00000000e2e80000,0x00000000e2e80000,0x00000000e4d80000)
 ParOldGen       total 125440K, used 41615K [0x0000000080000000, 0x0000000087a80000, 0x00000000d5580000)
  object space 125440K, 33% used [0x0000000080000000,0x00000000828a3fe0,0x0000000087a80000)
 Metaspace       used 53524K, capacity 54756K, committed 54912K, reserved 1097728K
  class space    used 7137K, capacity 7500K, committed 7552K, reserved 1048576K
}

Deoptimization events (10 events):
Event: 128.623 Thread 0x000000001a4d8800 Uncommon trap: reason=unstable_if action=reinterpret pc=0x000000000509d8d4 method=com.sun.tools.javac.code.Types$15.visitType(Lcom/sun/tools/javac/code/Type;Ljava/lang/Boolean;)Lcom/sun/tools/javac/code/Type; @ 14
Event: 128.626 Thread 0x000000001a4d8800 Uncommon trap: reason=bimorphic action=maybe_recompile pc=0x000000000502e21c method=com.sun.tools.javac.code.Types.rank(Lcom/sun/tools/javac/code/Type;)I @ 1
Event: 128.626 Thread 0x000000001a4d8800 Uncommon trap: reason=bimorphic action=maybe_recompile pc=0x000000000502e21c method=com.sun.tools.javac.code.Types.rank(Lcom/sun/tools/javac/code/Type;)I @ 1
Event: 128.626 Thread 0x000000001a4d8800 Uncommon trap: reason=bimorphic action=maybe_recompile pc=0x000000000502e21c method=com.sun.tools.javac.code.Types.rank(Lcom/sun/tools/javac/code/Type;)I @ 1
Event: 128.626 Thread 0x000000001a4d8800 Uncommon trap: reason=bimorphic action=maybe_recompile pc=0x000000000502e21c method=com.sun.tools.javac.code.Types.rank(Lcom/sun/tools/javac/code/Type;)I @ 1
Event: 128.669 Thread 0x000000001a4d8800 Uncommon trap: reason=class_check action=maybe_recompile pc=0x000000000521d1e0 method=com.sun.tools.javac.code.Symbol$ClassSymbol.isSubClass(Lcom/sun/tools/javac/code/Symbol;Lcom/sun/tools/javac/code/Types;)Z @ 55
Event: 128.669 Thread 0x000000001a4d8800 Uncommon trap: reason=class_check action=maybe_recompile pc=0x000000000521d1e0 method=com.sun.tools.javac.code.Symbol$ClassSymbol.isSubClass(Lcom/sun/tools/javac/code/Symbol;Lcom/sun/tools/javac/code/Types;)Z @ 55
Event: 128.669 Thread 0x000000001a4d8800 Uncommon trap: reason=class_check action=maybe_recompile pc=0x000000000521d1e0 method=com.sun.tools.javac.code.Symbol$ClassSymbol.isSubClass(Lcom/sun/tools/javac/code/Symbol;Lcom/sun/tools/javac/code/Types;)Z @ 55
Event: 128.669 Thread 0x000000001a4d8800 Uncommon trap: reason=class_check action=maybe_recompile pc=0x000000000521d1e0 method=com.sun.tools.javac.code.Symbol$ClassSymbol.isSubClass(Lcom/sun/tools/javac/code/Symbol;Lcom/sun/tools/javac/code/Types;)Z @ 55
Event: 128.710 Thread 0x000000001a4d8800 Uncommon trap: reason=unstable_if action=reinterpret pc=0x0000000004d62318 method=com.sun.tools.javac.util.ListBuffer.append(Ljava/lang/Object;)Lcom/sun/tools/javac/util/ListBuffer; @ 9

Internal exceptions (10 events):
Event: 89.309 Thread 0x000000001a4d8800 Exception <a 'java/lang/ClassNotFoundException': asLocalRepo1_76vxpaphuzteb81pu53r6ra2xCustomizer> (0x00000000d5edb230) thrown at [C:\re\workspace\8-2-build-windows-amd64-cygwin\jdk8u102\7268\hotspot\src\share\vm\classfile\systemDictionary.cpp, line 210]
Event: 108.140 Thread 0x000000001d11d800 Exception <a 'java/io/FileNotFoundException'> (0x00000000dab9a8b0) thrown at [C:\re\workspace\8-2-build-windows-amd64-cygwin\jdk8u102\7268\hotspot\src\share\vm\prims\jni.cpp, line 709]
Event: 108.326 Thread 0x000000001d11d800 Exception <a 'java/io/FileNotFoundException'> (0x00000000dabc1f98) thrown at [C:\re\workspace\8-2-build-windows-amd64-cygwin\jdk8u102\7268\hotspot\src\share\vm\prims\jni.cpp, line 709]
Event: 108.690 Thread 0x000000001a4d8800 Implicit null exception at 0x0000000003523517 to 0x0000000003523769
Event: 117.100 Thread 0x000000001a4d8800 Implicit null exception at 0x0000000004b0cbb0 to 0x0000000004b0cf29
Event: 117.100 Thread 0x000000001a4d8800 Implicit null exception at 0x00000000044bcef5 to 0x00000000044bd24d
Event: 117.113 Thread 0x000000001a4d8800 Implicit null exception at 0x0000000003b125f8 to 0x0000000003b126f5
Event: 117.113 Thread 0x000000001a4d8800 Implicit null exception at 0x0000000003a56eaf to 0x0000000003a553e9
Event: 117.113 Thread 0x000000001a4d8800 Implicit null exception at 0x0000000003a56eaf to 0x0000000003a553e9
Event: 117.133 Thread 0x000000001a4d8800 Implicit null exception at 0x0000000003a56eaf to 0x0000000003a553e9

Events (10 events):
Event: 128.710 Thread 0x000000001a4d8800 DEOPT PACKING pc=0x0000000004d62318 sp=0x000000001bd2b4d0
Event: 128.710 Thread 0x000000001a4d8800 DEOPT UNPACKING pc=0x0000000002d7582a sp=0x000000001bd2b470 mode 2
Event: 128.742 loading class com/sun/tools/javac/tree/TreeInfo$TypeAnnotationFinder
Event: 128.742 loading class com/sun/tools/javac/tree/TreeInfo$TypeAnnotationFinder done
Event: 128.742 loading class com/sun/tools/javac/comp/Check$3
Event: 128.742 loading class com/sun/tools/javac/comp/Check$3 done
Event: 128.744 loading class com/sun/tools/javac/code/Kinds$1
Event: 128.744 loading class com/sun/tools/javac/code/Kinds$1 done
Event: 128.745 loading class com/sun/tools/javac/comp/Check$9
Event: 128.745 loading class com/sun/tools/javac/comp/Check$9 done


Dynamic libraries:
0x00007ff620f40000 - 0x00007ff620f77000 	C:\Program Files\Java\jdk1.8.0_102\bin\java.exe
0x00007ff80f6f0000 - 0x00007ff80f8b1000 	C:\WINDOWS\SYSTEM32\ntdll.dll
0x00007ff80f380000 - 0x00007ff80f42d000 	C:\WINDOWS\system32\KERNEL32.DLL
0x00007ff80be10000 - 0x00007ff80bff8000 	C:\WINDOWS\system32\KERNELBASE.dll
0x00007ff80f440000 - 0x00007ff80f4e7000 	C:\WINDOWS\system32\ADVAPI32.dll
0x00007ff80caf0000 - 0x00007ff80cb8d000 	C:\WINDOWS\system32\msvcrt.dll
0x00007ff80cfc0000 - 0x00007ff80d01b000 	C:\WINDOWS\system32\sechost.dll
0x00007ff80f560000 - 0x00007ff80f67c000 	C:\WINDOWS\system32\RPCRT4.dll
0x00007ff80d2c0000 - 0x00007ff80d416000 	C:\WINDOWS\system32\USER32.dll
0x00007ff80ec80000 - 0x00007ff80ee06000 	C:\WINDOWS\system32\GDI32.dll
0x00007ff806bf0000 - 0x00007ff806e64000 	C:\WINDOWS\WinSxS\amd64_microsoft.windows.common-controls_6595b64144ccf1df_6.0.10586.589_none_a2ddb3caa539acce\COMCTL32.dll
0x00007ff80ee50000 - 0x00007ff80f0cd000 	C:\WINDOWS\system32\combase.dll
0x00007ff80c2c0000 - 0x00007ff80c32a000 	C:\WINDOWS\system32\bcryptPrimitives.dll
0x00007ff80ee10000 - 0x00007ff80ee4b000 	C:\WINDOWS\system32\IMM32.DLL
0x000000006c290000 - 0x000000006c361000 	C:\Program Files\Java\jdk1.8.0_102\jre\bin\msvcr100.dll
0x000000006c720000 - 0x000000006cfba000 	C:\Program Files\Java\jdk1.8.0_102\jre\bin\server\jvm.dll
0x00007ff80f6e0000 - 0x00007ff80f6e8000 	C:\WINDOWS\system32\PSAPI.DLL
0x00007ffffacb0000 - 0x00007ffffacb9000 	C:\WINDOWS\SYSTEM32\WSOCK32.dll
0x00007ff809680000 - 0x00007ff8096a3000 	C:\WINDOWS\SYSTEM32\WINMM.dll
0x00007ff809b60000 - 0x00007ff809b6a000 	C:\WINDOWS\SYSTEM32\VERSION.dll
0x00000000012e0000 - 0x000000000130c000 	C:\WINDOWS\SYSTEM32\WINMMBASE.dll
0x00007ff80d020000 - 0x00007ff80d08b000 	C:\WINDOWS\system32\WS2_32.dll
0x00007ff80bda0000 - 0x00007ff80bde3000 	C:\WINDOWS\system32\cfgmgr32.dll
0x000000006c710000 - 0x000000006c71f000 	C:\Program Files\Java\jdk1.8.0_102\jre\bin\verify.dll
0x000000006c6e0000 - 0x000000006c709000 	C:\Program Files\Java\jdk1.8.0_102\jre\bin\java.dll
0x000000006c6c0000 - 0x000000006c6d6000 	C:\Program Files\Java\jdk1.8.0_102\jre\bin\zip.dll
0x00007ff80d570000 - 0x00007ff80eacc000 	C:\WINDOWS\system32\SHELL32.dll
0x00007ff80c3e0000 - 0x00007ff80ca25000 	C:\WINDOWS\system32\windows.storage.dll
0x00007ff80d440000 - 0x00007ff80d492000 	C:\WINDOWS\system32\shlwapi.dll
0x00007ff80bd20000 - 0x00007ff80bd2f000 	C:\WINDOWS\system32\kernel.appcore.dll
0x00007ff80ca30000 - 0x00007ff80cae5000 	C:\WINDOWS\system32\shcore.dll
0x00007ff80bd50000 - 0x00007ff80bd9b000 	C:\WINDOWS\system32\powrprof.dll
0x00007ff80bd30000 - 0x00007ff80bd44000 	C:\WINDOWS\system32\profapi.dll
0x000000006c6a0000 - 0x000000006c6ba000 	C:\Program Files\Java\jdk1.8.0_102\jre\bin\net.dll
0x00007ff80b5b0000 - 0x00007ff80b60c000 	C:\WINDOWS\system32\mswsock.dll
0x000000006c680000 - 0x000000006c691000 	C:\Program Files\Java\jdk1.8.0_102\jre\bin\nio.dll
0x00007ffffee20000 - 0x00007ffffee32000 	C:\Users\vengalraoguttha\.gradle\native\19\windows-amd64\native-platform.dll
0x00007ff80b660000 - 0x00007ff80b677000 	C:\WINDOWS\SYSTEM32\CRYPTSP.dll
0x00007ff80b250000 - 0x00007ff80b284000 	C:\WINDOWS\system32\rsaenh.dll
0x00007ff80bb80000 - 0x00007ff80bba9000 	C:\WINDOWS\SYSTEM32\bcrypt.dll
0x00007ff80b440000 - 0x00007ff80b45f000 	C:\WINDOWS\SYSTEM32\USERENV.dll
0x00007ff80b780000 - 0x00007ff80b78b000 	C:\WINDOWS\SYSTEM32\CRYPTBASE.dll
0x00007ff804280000 - 0x00007ff8042b8000 	C:\WINDOWS\SYSTEM32\IPHLPAPI.DLL
0x00007ff80f430000 - 0x00007ff80f438000 	C:\WINDOWS\system32\NSI.dll
0x00007ff803e40000 - 0x00007ff803e56000 	C:\WINDOWS\SYSTEM32\dhcpcsvc6.DLL
0x00007ff803cc0000 - 0x00007ff803cda000 	C:\WINDOWS\SYSTEM32\dhcpcsvc.DLL
0x000000006c480000 - 0x000000006c48d000 	C:\Program Files\Java\jdk1.8.0_102\jre\bin\management.dll
0x000000006c4e0000 - 0x000000006c678000 	C:\Program Files\Java\jdk1.8.0_102\jre\bin\awt.dll
0x00007ff80d4a0000 - 0x00007ff80d566000 	C:\WINDOWS\system32\OLEAUT32.dll
0x00007ff809c80000 - 0x00007ff809cf9000 	C:\WINDOWS\system32\apphelp.dll
0x00007ff808c10000 - 0x00007ff808c32000 	C:\WINDOWS\system32\DWMAPI.DLL
0x00007ff80a380000 - 0x00007ff80a416000 	C:\WINDOWS\system32\uxtheme.dll
0x000000006c370000 - 0x000000006c39a000 	C:\Program Files\Java\jdk1.8.0_102\jre\bin\dcpr.dll
0x00007ffffe6d0000 - 0x00007ffffe85c000 	C:\WINDOWS\SYSTEM32\dbghelp.dll

VM Arguments:
jvm_args: -Xmx2048m -Dfile.encoding=windows-1252 -Duser.country=IN -Duser.language=en -Duser.variant 
java_command: org.gradle.launcher.daemon.bootstrap.GradleDaemon 2.14.1
java_class_path (initial): E:\android-studio-ide-143.2915827-windows\android-studio\gradle\gradle-2.14.1\lib\gradle-launcher-2.14.1.jar
Launcher Type: SUN_STANDARD

Environment Variables:
PATH=C:\ProgramData\Oracle\Java\javapath;C:\WINDOWS\system32;C:\WINDOWS;C:\WINDOWS\System32\Wbem;C:\WINDOWS\System32\WindowsPowerShell\v1.0\;C:\Program Files\Microsoft SQL Server\Client SDK\ODBC\110\Tools\Binn\;C:\Program Files (x86)\Microsoft SQL Server\120\Tools\Binn\;C:\Program Files\Microsoft SQL Server\120\Tools\Binn\;C:\Program Files\Microsoft SQL Server\120\DTS\Binn\;C:\Program Files\Git\cmd;C:\Anaconda2;C:\Anaconda2\Scripts;C:\Anaconda2\Library\bin;C:\Program Files\Java\jdk1.8.0_102\bin\;C:\Anaconda2\;C:\Program Files\nodejs\;C:\Users\vengalraoguttha\AppData\Roaming\npm
USERNAME=vengalraoguttha
OS=Windows_NT
PROCESSOR_IDENTIFIER=Intel64 Family 6 Model 42 Stepping 7, GenuineIntel



---------------  S Y S T E M  ---------------

OS: Windows 10.0 , 64 bit Build 10586 (10.0.10586.589)

CPU:total 4 (2 cores per cpu, 2 threads per core) family 6 model 42 stepping 7, cmov, cx8, fxsr, mmx, sse, sse2, sse3, ssse3, sse4.1, sse4.2, popcnt, avx, clmul, ht, tsc, tscinvbit

Memory: 4k page, physical 10467176k(6457452k free), swap 12105576k(7772244k free)

vm_info: Java HotSpot(TM) 64-Bit Server VM (25.102-b14) for windows-amd64 JRE (1.8.0_102-b14), built on Jun 22 2016 13:15:21 by "java_re" with MS VC++ 10.0 (VS2010)

time: Sun Oct 02 17:56:11 2016
elapsed time: 128 seconds (0d 0h 2m 8s)

